possibilities: >>>31<<<	 index: >>>1<<<
[8]- Exit initialWork
[7]- Exit initialWork
[15]- Exit initialWork
[14]- Exit initialWork
[13]- Exit initialWork
[3]- Exit initialWork
[12]- Exit initialWork
[2]- Exit initialWork
[6]- Exit initialWork
[9]- Exit initialWork
[1]- Exit initialWork
[5]- Exit initialWork
[4]- Exit initialWork
[0]- Exit initialWork
[11]- Exit initialWork
[10]- Exit initialWork
[9] Boards received:0
[5] Boards received:377415
[10] Boards received:0
[8] Boards received:45389
No solution
[0] Boards received:0
[6] Boards received:853763
[12] Boards received:670107
[2] Boards received:616686
[7] Boards received:1016443
[11] Boards received:561992
[3] Boards received:108298
[4] Boards received:0
[13] Boards received:196412
[1] Boards received:1405065
[14] Boards received:133831
[15] Boards received:158942
------------------------------------
[0] Total boards received:6144343
TIME: 4m264.694778s
