possibilities: >>>31<<<	 index: >>>1<<<
[8]- Exit initialWork
[7]- Exit initialWork
[15]- Exit initialWork
[14]- Exit initialWork
[13]- Exit initialWork
[3]- Exit initialWork
[12]- Exit initialWork
[2]- Exit initialWork
[6]- Exit initialWork
[1]- Exit initialWork
[9]- Exit initialWork
[5]- Exit initialWork
[4]- Exit initialWork
[0]- Exit initialWork
[11]- Exit initialWork
[10]- Exit initialWork
[8] Boards received:24673
[9] Boards received:0
[5] Boards received:489378
[10] Boards received:0
[2] Boards received:538585
[6] Boards received:800321
[3] Boards received:191569
[7] Boards received:957671
[11] Boards received:247357
[1] Boards received:919928
[4] Boards received:0
No solution
[0] Boards received:0
[12] Boards received:628484
------------------------------------
[0] Total boards received:5177001
TIME: 4m266.993700s
[13] Boards received:159474
[14] Boards received:18915
[15] Boards received:200646
