possibilities: >>>31<<<	 index: >>>1<<<
[7]- Exit initialWork
[6]- Exit initialWork
[5]- Exit initialWork
[4]- Exit initialWork
[1]- Exit initialWork
[3]- Exit initialWork
[0]- Exit initialWork
[2]- Exit initialWork
No solution
[0] Boards received:0
[1] Boards received:263500
[2] Boards received:0
[4] Boards received:153417
[3] Boards received:891550
[5] Boards received:679758
[6] Boards received:780214
[7] Boards received:1258958
------------------------------------
[0] Total boards received:4027397
TIME: 6m363.417578s
