possibilities: >>>31<<<	 index: >>>1<<<
[7]- Exit initialWork
[6]- Exit initialWork
[5]- Exit initialWork
[4]- Exit initialWork
[1]- Exit initialWork
[3]- Exit initialWork
[0]- Exit initialWork
[2]- Exit initialWork
[4] Boards received:575503
No solution
[0] Boards received:27856
[6] Boards received:2700850
[1] Boards received:236281
[5] Boards received:1330020
[2] Boards received:246
[3] Boards received:859802
[7] Boards received:3569605
------------------------------------
[0] Total boards received:9300163
TIME: 6m358.596513s
