possibilities: >>>31<<<	 index: >>>1<<<
[8]- Exit initialWork
[7]- Exit initialWork
[15]- Exit initialWork
[14]- Exit initialWork
[13]- Exit initialWork
[12]- Exit initialWork
[6]- Exit initialWork
[9]- Exit initialWork
[5]- Exit initialWork
[4]- Exit initialWork
[3]- Exit initialWork
[11]- Exit initialWork
[2]- Exit initialWork
[10]- Exit initialWork
[1]- Exit initialWork
[0]- Exit initialWork
No solution
[0] Boards received:0
[12] Boards received:554333
[2] Boards received:594713
[5] Boards received:401568
[13] Boards received:270611
[10] Boards received:0
[3] Boards received:180801
[6] Boards received:852534
[14] Boards received:70450
[8] Boards received:36420
[1] Boards received:2063664
[7] Boards received:621670
[15] Boards received:137803
[11] Boards received:709320
[9] Boards received:0
------------------------------------
[0] Total boards received:6691106
TIME: 15m931.784044s
[4] Boards received:197219
