possibilities: >>>16<<<	 index: >>>1<<<
[6]- Exit initialWork
[11]- Exit initialWork
[5]- Exit initialWork
[14]- Exit initialWork
[10]- Exit initialWork
[9]- Exit initialWork
[4]- Exit initialWork
[8]- Exit initialWork
[3]- Exit initialWork
[13]- Exit initialWork
[7]- Exit initialWork
[15]- Exit initialWork
[12]- Exit initialWork
[2]- Exit initialWork
[1]- Exit initialWork
[0]- Exit initialWork
No solution
[0] Boards received:0
[12] Boards received:689
[15] Boards received:476
[14] Boards received:27887
[9] Boards received:13051
[13] Boards received:9138
[10] Boards received:10580
[11] Boards received:18587
[2] Boards received:8261
[5] Boards received:24345
[3] Boards received:24991
[6] Boards received:36675
[8] Boards received:10607
[4] Boards received:18409
[1] Boards received:4420
[7] Boards received:6655
------------------------------------
[0] Total boards received:214771
TIME: 0m12.338700s
