possibilities: >>>16<<<	 index: >>>1<<<
[6]- Exit initialWork
[3]- Exit initialWork
[5]- Exit initialWork
[2]- Exit initialWork
[1]- Exit initialWork
[0]- Exit initialWork
[4]- Exit initialWork
[7]- Exit initialWork
[5] Boards received:9567
No solution
[0] Boards received:6399
[6] Boards received:29106
[2] Boards received:11652
[4] Boards received:1053
[3] Boards received:34243
[7] Boards received:0
[1] Boards received:11185
------------------------------------
[0] Total boards received:103205
TIME: 0m6.627491s
