possibilities: >>>8<<<	 index: >>>17<<<
[2]- Exit initialWork
[3]- Exit initialWork
[1]- Exit initialWork
[7]- Exit initialWork
[3]FINISH
[4]- Exit initialWork
[6]- Exit initialWork
[0]- Exit initialWork
[5]- Exit initialWork
[2] Boards received:1
[0] Boards received:0
[1] Boards received:0
[7] Boards received:1
[6] Boards received:0
1 5 2 4 8 9 3 7 6 
7 3 9 2 5 6 8 4 1 
4 6 8 3 7 1 2 9 5 
3 8 7 1 2 4 6 5 9 
5 9 1 7 6 3 4 2 8 
[5] Boards received:0
[4] Boards received:0
2 4 6 8 9 5 7 1 3 
9 1 4 6 3 7 5 8 2 
6 2 5 9 4 8 1 3 7 
8 7 3 5 1 2 9 6 4 
[3] Boards received:1
------------------------------------
[0] Total boards received:3
TIME: 0m0.025929s
