possibilities: >>>9<<<	 index: >>>0<<<
[5]FINISH
[6]FINISH
[7]FINISH
[4] will listenNeighbors bruteForce ask:0
[1] will listenNeighbors bruteForce ask:0
[2] will listenNeighbors bruteForce ask:0
[3] will listenNeighbors bruteForce ask:0
[0] will listenNeighbors bruteForce ask:0
[4]- Exit initialWork
[4] Boards received:0
[3]- Exit initialWork
[3] Boards received:0
[1]- Exit initialWork
[1] Boards received:0
[6]- Exit initialWork
[6] Boards received:0
[2]- Exit initialWork
[2] Boards received:0
[7]- Exit initialWork
6 1 2 3 4 5 7 8 9 
3 4 5 7 8 9 1 2 6 
7 8 9 1 2 6 3 4 5 
1 2 3 4 5 7 6 9 8 
4 5 6 8 9 1 2 3 7 
8 9 7 2 6 3 4 5 1 
2 3 1 5 7 8 9 6 4 
5 6 4 9 1 2 8 7 3 
9 7 8 6 3 4 5 1 2 
[5]- Exit initialWork
[5] Boards received:0
[7] Boards received:0
[0]- Exit initialWork
[0] Boards received:0
------------------------------------
[0] Total boards received:0
TIME: 0m0.002964s
