possibilities: >>>10<<<	 index: >>>1<<<
[1]FINISH
[0] will listenNeighbors bruteForce ask:0
[7] will listenNeighbors bruteForce ask:0
[6] will listenNeighbors bruteForce ask:0
[2]FINISH
[4]FINISH
[3] will listenNeighbors bruteForce ask:0
[5] will listenNeighbors bruteForce ask:0
[0]- Exit initialWork
[0] Boards received:0
[6]- Exit initialWork
[6] Boards received:0
[3]- Exit initialWork
[2]- Exit initialWork
[2] Boards received:0
[7]- Exit initialWork
1 7 2 3 4 5 6 8 9 
5 9 3 6 2 8 1 4 7 
4 6 8 1 7 9 2 5 3 
2 3 1 7 5 6 8 9 4 
8 5 6 9 1 4 3 7 2 
[5]- Exit initialWork
[5] Boards received:0
[3] Boards received:0
[4]- Exit initialWork
[4] Boards received:0
7 4 9 8 3 2 5 6 1 
9 8 4 2 6 1 7 3 5 
6 1 7 5 9 3 4 2 8 
3 2 5 4 8 7 9 1 6 
[1]- Exit initialWork
[1] Boards received:0
[7] Boards received:0
------------------------------------
[0] Total boards received:0
TIME: 0m0.063871s
